  DummyMenu.cpp
C:\MOD\SKSE\SE\UCUDInsertAttack1573Src\skse64\skse64\GameTypes.h(795,15): error C3861: 'StringFinder_CI': 識別子が見つかりませんでした
C:\MOD\SKSE\SE\UCUDInsertAttack1573Src\skse64\skse64\GameTypes.h(795,30): message : 'StringFinder_CI': 引数がテンプレート パラメーターに依存しないため、関数の宣言を有効にする必要があります
C:\MOD\SKSE\SE\UCUDInsertAttack1573Src\skse64\skse64\GameTypes.h(907): message : コンパイル対象の クラス テンプレート インスタンス化 'tList<T>' のリファレンスを確認してください
C:\MOD\SKSE\SE\UCUDInsertAttack1573Src\skse64\skse64\GameTypes.h(826,3): error C2065: 'Item': 定義されていない識別子です。
C:\MOD\SKSE\SE\UCUDInsertAttack1573Src\skse64\skse64\GameTypes.h(826,3): error C3861: 'Item': 識別子が見つかりませんでした
C:\MOD\SKSE\SE\UCUDInsertAttack1573Src\skse64\skse64\GameTypes.h(826,9): error C3861: 'pRemoved': 識別子が見つかりませんでした
C:\MOD\SKSE\SE\UCUDInsertAttack1573Src\skse64\skse64\GameTypes.h(828,4): error C3861: 'pRemoved': 識別子が見つかりませんでした
C:\MOD\SKSE\SE\UCUDInsertAttack1573Src\skse64\skse64\GameTypes.h(832,5): error C3861: 'pRemoved': 識別子が見つかりませんでした
C:\MOD\SKSE\SE\UCUDInsertAttack1573Src\skse64\skse64\GameTypes.h(835,10): error C3861: 'pRemoved': 識別子が見つかりませんでした
C:\MOD\SKSE\SE\UCUDInsertAttack1573Src\skse64\skse64\GameTypes.h(826,9): error C2065: 'pRemoved': 定義されていない識別子です。
C:\MOD\SKSE\SE\UCUDInsertAttack1573Src\skse64\skse64\GameTypes.h(828,4): error C2065: 'pRemoved': 定義されていない識別子です。
C:\MOD\SKSE\SE\UCUDInsertAttack1573Src\skse64\skse64\GameTypes.h(832,5): error C2065: 'pRemoved': 定義されていない識別子です。
C:\MOD\SKSE\SE\UCUDInsertAttack1573Src\skse64\skse64\GameTypes.h(835,10): error C2065: 'pRemoved': 定義されていない識別子です。
C:\MOD\SKSE\SE\UCUDInsertAttack1573Src\skse64\skse64\GameTypes.h(840,3): error C2065: 'Item': 定義されていない識別子です。
C:\MOD\SKSE\SE\UCUDInsertAttack1573Src\skse64\skse64\GameTypes.h(840,3): error C3861: 'Item': 識別子が見つかりませんでした
C:\MOD\SKSE\SE\UCUDInsertAttack1573Src\skse64\skse64\GameTypes.h(840,9): error C3861: 'pReplaced': 識別子が見つかりませんでした
C:\MOD\SKSE\SE\UCUDInsertAttack1573Src\skse64\skse64\GameTypes.h(843,4): error C3861: 'pReplaced': 識別子が見つかりませんでした
C:\MOD\SKSE\SE\UCUDInsertAttack1573Src\skse64\skse64\GameTypes.h(846,10): error C3861: 'pReplaced': 識別子が見つかりませんでした
C:\MOD\SKSE\SE\UCUDInsertAttack1573Src\skse64\skse64\GameTypes.h(840,9): error C2065: 'pReplaced': 定義されていない識別子です。
C:\MOD\SKSE\SE\UCUDInsertAttack1573Src\skse64\skse64\GameTypes.h(843,4): error C2065: 'pReplaced': 定義されていない識別子です。
C:\MOD\SKSE\SE\UCUDInsertAttack1573Src\skse64\skse64\GameTypes.h(846,10): error C2065: 'pReplaced': 定義されていない識別子です。
